#
# A fatal error has been detected by the Java Runtime Environment:
#
#  EXCEPTION_ACCESS_VIOLATION (0xc0000005) at pc=0x00007ffacdf8da59, pid=5512, tid=9592
#
# JRE version: OpenJDK Runtime Environment Temurin-17.0.3+7 (17.0.3+7) (build 17.0.3+7)
# Java VM: OpenJDK 64-Bit Server VM Temurin-17.0.3+7 (17.0.3+7, mixed mode, tiered, compressed oops, compressed class ptrs, g1 gc, windows-amd64)
# Problematic frame:
# V  [jvm.dll+0x23da59]
#
# No core dump will be written. Minidumps are not enabled by default on client versions of Windows
#
# If you would like to submit a bug report, please visit:
#   https://github.com/adoptium/adoptium-support/issues
#

---------------  S U M M A R Y ------------

Command Line: -XX:+ShowCodeDetailsInExceptionMessages -agentlib:jdwp=transport=dt_socket,suspend=y,address=localhost:53726 -javaagent:C:\Users\itsas\Downloads\sts-4.15.1.RELEASE\configuration\org.eclipse.osgi\258\0\.cp\lib\javaagent-shaded.jar -Dfile.encoding=UTF-8 com.payment.PaymentInfoApplication

Host: Intel(R) Core(TM) i5-10210U CPU @ 1.60GHz, 8 cores, 7G,  Windows 11 , 64 bit Build 22000 (10.0.22000.708)
Time: Wed Jul 13 12:49:25 2022 India Standard Time elapsed time: 857.903318 seconds (0d 0h 14m 17s)

---------------  T H R E A D  ---------------

Current thread (0x00000219f83744b0):  VMThread "VM Thread" [stack: 0x000000228fe00000,0x000000228ff00000] [id=9592]

Stack: [0x000000228fe00000,0x000000228ff00000],  sp=0x000000228feff0f0,  free space=1020k
Native frames: (J=compiled Java code, j=interpreted, Vv=VM code, C=native code)
V  [jvm.dll+0x23da59]
V  [jvm.dll+0x62b443]
V  [jvm.dll+0x62be01]
V  [jvm.dll+0x529add]
V  [jvm.dll+0x52d708]
V  [jvm.dll+0x52b4fb]
V  [jvm.dll+0x836cdb]
V  [jvm.dll+0x837a14]
V  [jvm.dll+0x837f2c]
V  [jvm.dll+0x838304]
V  [jvm.dll+0x8383d0]
V  [jvm.dll+0x7e0cfa]
V  [jvm.dll+0x674d85]
C  [ucrtbase.dll+0x26c0c]
C  [KERNEL32.DLL+0x154e0]
C  [ntdll.dll+0x485b]


siginfo: EXCEPTION_ACCESS_VIOLATION (0xc0000005), reading address 0x0000021985e58000


Register to memory mapping:

RIP=0x00007ffacdf8da59 jvm.dll
RAX=0x0000000000200000 is an unknown value
RBX=0x0000021985ba4420 is pointing into metadata
RCX=0x0000021985c58000 is pointing into metadata
RDX=0x000000000000ffff is an unknown value
RSP=0x000000228feff0f0 points into unknown readable memory: 0x0000021900000002 | 02 00 00 00 19 02 00 00
RBP=0x0000021985ba4420 is pointing into metadata
RSI=0x000000000000ffff is an unknown value
RDI=0x000000000000ffff is an unknown value
R8 ={method} {0x0000021985ba4858} 'findByBankAccountNo' '(Ljava/lang/String;)Lcom/payment/models/BankPaymentMethod;' in 'com/payment/controllers/BankPaymentMethodController'
R9 =0x000000228feff1d0 points into unknown readable memory: 0x0000021985ba4850 | 50 48 ba 85 19 02 00 00
R10=0x00000219f839feb0 points into unknown readable memory: 0x0000001e00000002 | 02 00 00 00 1e 00 00 00
R11={method} {0x0000021985ba4858} 'findByBankAccountNo' '(Ljava/lang/String;)Lcom/payment/models/BankPaymentMethod;' in 'com/payment/controllers/BankPaymentMethodController'
R12=0x0000021985cb07f8 is pointing into metadata
R13=0x00007ffacdd50000 jvm.dll
R14=0x000000228feff200 points into unknown readable memory: 0x0000021985cb0168 | 68 01 cb 85 19 02 00 00
R15=0x0000021985ba4420 is pointing into metadata


Registers:
RAX=0x0000000000200000, RBX=0x0000021985ba4420, RCX=0x0000021985c58000, RDX=0x000000000000ffff
RSP=0x000000228feff0f0, RBP=0x0000021985ba4420, RSI=0x000000000000ffff, RDI=0x000000000000ffff
R8 =0x0000021985ba4850, R9 =0x000000228feff1d0, R10=0x00000219f839feb0, R11=0x0000021985ba4850
R12=0x0000021985cb07f8, R13=0x00007ffacdd50000, R14=0x000000228feff200, R15=0x0000021985ba4420
RIP=0x00007ffacdf8da59, EFLAGS=0x0000000000010206

Top of Stack: (sp=0x000000228feff0f0)
0x000000228feff0f0:   0000021900000002 00000219dc2ac470
0x000000228feff100:   00007ffa0000066b 00007fface65fb38
0x000000228feff110:   0000000000000003 00007fface37b443
0x000000228feff120:   00000000000000b4 00007fface09a8d4
0x000000228feff130:   000000228feff1d0 0000000000000002
0x000000228feff140:   0000000000000000 00007ffb2cce86ba
0x000000228feff150:   000000228feff1d0 00007ffacde766ae
0x000000228feff160:   0000021985ba4850 0000000000000016
0x000000228feff170:   0000021985ba4420 0000021985ba4911
0x000000228feff180:   00000000000000b4 00007fface37be01
0x000000228feff190:   00000000000000b4 000000228feff209
0x000000228feff1a0:   00000000000000b4 000000228feff260
0x000000228feff1b0:   0000021985cb07f8 0000021985ba4420
0x000000228feff1c0:   0000021985ba4850 00000219f83744b0
0x000000228feff1d0:   0000021985ba4850 00000219f83744b0
0x000000228feff1e0:   0000000400000001 000000b400000009 

Instructions: (pc=0x00007ffacdf8da59)
0x00007ffacdf8d959:   cc cc cc cc cc cc cc 48 89 5c 24 10 48 89 74 24
0x00007ffacdf8d969:   18 57 48 83 ec 30 48 63 da 49 8b f0 48 8b f9 85
0x00007ffacdf8d979:   d2 79 24 4c 8d 0d 25 35 70 00 ba b4 02 00 00 4c
0x00007ffacdf8d989:   8d 05 51 35 70 00 48 8d 0d aa 34 70 00 e8 d5 79
0x00007ffacdf8d999:   00 00 e8 d0 80 43 00 48 8b 4f 10 48 85 c9 74 0f
0x00007ffacdf8d9a9:   48 8d 43 01 48 c1 e0 05 48 8b 04 08 0f b7 d8 48
0x00007ffacdf8d9b9:   63 c3 48 8d 54 24 40 48 89 7c 24 20 48 89 74 24
0x00007ffacdf8d9c9:   28 48 8b 8e 40 02 00 00 8b 5c c7 48 48 89 7c 24
0x00007ffacdf8d9d9:   40 e8 31 d0 dc ff 0f b7 d3 48 8d 4c 24 20 4c 8b
0x00007ffacdf8d9e9:   c6 e8 f1 fb ff ff 48 8d 4c 24 20 48 8b d8 e8 64
0x00007ffacdf8d9f9:   cf 10 00 48 8b 74 24 50 48 8b c3 48 8b 5c 24 48
0x00007ffacdf8da09:   48 83 c4 30 5f c3 cc 48 89 5c 24 08 57 48 83 ec
0x00007ffacdf8da19:   20 48 63 fa 48 8b d9 85 d2 79 24 4c 8d 0d 7d 34
0x00007ffacdf8da29:   70 00 ba b4 02 00 00 4c 8d 05 a9 34 70 00 48 8d
0x00007ffacdf8da39:   0d 02 34 70 00 e8 2d 79 00 00 e8 28 80 43 00 48
0x00007ffacdf8da49:   8b 4b 10 48 85 c9 74 0f 48 8d 47 01 48 c1 e0 05
0x00007ffacdf8da59:   48 8b 04 08 0f b7 f8 48 63 c7 0f b7 4c c3 48 0f
0x00007ffacdf8da69:   b7 44 cb 4a 48 8b 44 c3 48 48 8b 5c 24 30 48 83
0x00007ffacdf8da79:   c4 20 5f c3 cc cc cc 4c 8b 41 20 4d 8b 00 e9 64
0x00007ffacdf8da89:   02 00 00 cc cc cc cc 48 8b 49 20 48 8b 09 e9 44
0x00007ffacdf8da99:   5a 00 00 cc cc cc cc 48 89 5c 24 18 56 57 41 56
0x00007ffacdf8daa9:   48 83 ec 20 48 83 3d cb c7 91 00 00 4c 8b f2 48
0x00007ffacdf8dab9:   8b f9 74 0f 48 8b d1 48 8d 0d 49 33 70 00 e8 74
0x00007ffacdf8dac9:   93 e6 ff 45 33 c0 41 8d 50 17 8d 4a 11 e8 15 88
0x00007ffacdf8dad9:   e6 ff 33 db 48 85 c0 74 22 48 8d 4f 08 89 58 08
0x00007ffacdf8dae9:   48 89 48 20 48 8d 0d 6c 1d 6d 00 48 89 08 88 58
0x00007ffacdf8daf9:   0c 48 89 58 10 48 89 58 18 eb 03 48 8b c3 48 8b
0x00007ffacdf8db09:   d0 49 8b ce e8 ae 00 3e 00 45 33 c0 41 8d 50 17
0x00007ffacdf8db19:   8d 4a 11 e8 cf 87 e6 ff 48 85 c0 74 27 48 8d 0d
0x00007ffacdf8db29:   13 38 70 00 c7 40 08 02 00 00 00 48 89 08 48 8d
0x00007ffacdf8db39:   4f 10 48 89 48 20 c6 40 0c 00 48 89 58 10 48 89
0x00007ffacdf8db49:   58 18 eb 03 48 8b c3 48 8b d0 49 8b ce e8 65 00 


Stack slot to memory mapping:
stack at sp + 0 slots: 0x0000021900000002 is an unknown value
stack at sp + 1 slots: 0x00000219dc2ac470 points into unknown readable memory: 0x0000000300000002 | 02 00 00 00 03 00 00 00
stack at sp + 2 slots: 0x00007ffa0000066b is an unknown value
stack at sp + 3 slots: 0x00007fface65fb38 jvm.dll
stack at sp + 4 slots: 0x0000000000000003 is an unknown value
stack at sp + 5 slots: 0x00007fface37b443 jvm.dll
stack at sp + 6 slots: 0x00000000000000b4 is an unknown value
stack at sp + 7 slots: 0x00007fface09a8d4 jvm.dll

VM_Operation (0x00000022909ff650): RedefineClasses, mode: safepoint, requested by thread 0x00000219f8ece8f0, redefining class com.payment.controllers.BankPaymentMethodController



---------------  P R O C E S S  ---------------

Threads class SMR info:
_java_thread_list=0x00000219ff206340, length=33, elements={
0x00000219f8c13020, 0x00000219f837b170, 0x00000219f8c23fa0, 0x00000219f8c24860,
0x00000219f8c25120, 0x00000219f8c27460, 0x00000219f8c2bbd0, 0x00000219f8c2e4e0,
0x00000219f8c43d30, 0x00000219f8db9050, 0x00000219f8ece8f0, 0x00000219f8e6bd90,
0x00000219f8f5d6f0, 0x00000219f9830000, 0x00000219806e3690, 0x00000219806e5d10,
0x00000219ff7b7970, 0x00000219ff7b74a0, 0x00000219ff7bcb40, 0x00000219ff7bd010,
0x00000219ff7b9ff0, 0x00000219ff7b87e0, 0x00000219ff7b9180, 0x00000219ff7b9650,
0x00000219ff7be350, 0x00000219ff7bd9b0, 0x00000219ff7bde80, 0x00000219ff7b6b00,
0x00000219ff7b9b20, 0x00000219ff7b6fd0, 0x00000219ff7ba4c0, 0x00000219ff7ba990,
0x00000219ff7bb800
}

Java Threads: ( => current thread )
  0x00000219f8c13020 JavaThread "Reference Handler" daemon [_thread_blocked, id=2644, stack(0x000000228ff00000,0x0000002290000000)]
  0x00000219f837b170 JavaThread "Finalizer" daemon [_thread_blocked, id=19828, stack(0x0000002290000000,0x0000002290100000)]
  0x00000219f8c23fa0 JavaThread "Signal Dispatcher" daemon [_thread_blocked, id=8544, stack(0x0000002290100000,0x0000002290200000)]
  0x00000219f8c24860 JavaThread "Attach Listener" daemon [_thread_blocked, id=18420, stack(0x0000002290200000,0x0000002290300000)]
  0x00000219f8c25120 JavaThread "Service Thread" daemon [_thread_blocked, id=19344, stack(0x0000002290300000,0x0000002290400000)]
  0x00000219f8c27460 JavaThread "Monitor Deflation Thread" daemon [_thread_blocked, id=14724, stack(0x0000002290400000,0x0000002290500000)]
  0x00000219f8c2bbd0 JavaThread "C2 CompilerThread0" daemon [_thread_blocked, id=16516, stack(0x0000002290500000,0x0000002290600000)]
  0x00000219f8c2e4e0 JavaThread "C1 CompilerThread0" daemon [_thread_blocked, id=18272, stack(0x0000002290600000,0x0000002290700000)]
  0x00000219f8c43d30 JavaThread "Sweeper thread" daemon [_thread_blocked, id=4872, stack(0x0000002290700000,0x0000002290800000)]
  0x00000219f8db9050 JavaThread "Common-Cleaner" daemon [_thread_blocked, id=16348, stack(0x0000002290800000,0x0000002290900000)]
  0x00000219f8ece8f0 JavaThread "JDWP Transport Listener: dt_socket" daemon [_thread_blocked, id=8420, stack(0x0000002290900000,0x0000002290a00000)]
  0x00000219f8e6bd90 JavaThread "JDWP Event Helper Thread" daemon [_thread_blocked, id=17732, stack(0x0000002290a00000,0x0000002290b00000)]
  0x00000219f8f5d6f0 JavaThread "JDWP Command Reader" daemon [_thread_in_native, id=18168, stack(0x0000002290b00000,0x0000002290c00000)]
  0x00000219f9830000 JavaThread "Notification Thread" daemon [_thread_blocked, id=2316, stack(0x0000002290d00000,0x0000002290e00000)]
  0x00000219806e3690 JavaThread "Live Reload Server" daemon [_thread_in_native, id=19724, stack(0x0000002292100000,0x0000002292200000)]
  0x00000219806e5d10 JavaThread "DestroyJavaVM" [_thread_blocked, id=180, stack(0x000000228f800000,0x000000228f900000)]
  0x00000219ff7b7970 JavaThread "HikariPool-6 housekeeper" daemon [_thread_blocked, id=10700, stack(0x0000002291700000,0x0000002291800000)]
  0x00000219ff7b74a0 JavaThread "Catalina-utility-1" [_thread_blocked, id=14496, stack(0x0000002291800000,0x0000002291900000)]
  0x00000219ff7bcb40 JavaThread "Catalina-utility-2" [_thread_blocked, id=9456, stack(0x0000002291900000,0x0000002291a00000)]
  0x00000219ff7bd010 JavaThread "container-0" [_thread_blocked, id=14484, stack(0x0000002291b00000,0x0000002291c00000)]
  0x00000219ff7b9ff0 JavaThread "File Watcher" daemon [_thread_blocked, id=8332, stack(0x0000002291d00000,0x0000002291e00000)]
  0x00000219ff7b87e0 JavaThread "http-nio-8080-exec-1" daemon [_thread_blocked, id=13032, stack(0x0000002291e00000,0x0000002291f00000)]
  0x00000219ff7b9180 JavaThread "http-nio-8080-exec-2" daemon [_thread_blocked, id=13768, stack(0x0000002291f00000,0x0000002292000000)]
  0x00000219ff7b9650 JavaThread "http-nio-8080-exec-3" daemon [_thread_blocked, id=16704, stack(0x0000002292000000,0x0000002292100000)]
  0x00000219ff7be350 JavaThread "http-nio-8080-exec-4" daemon [_thread_blocked, id=17404, stack(0x0000002292200000,0x0000002292300000)]
  0x00000219ff7bd9b0 JavaThread "http-nio-8080-exec-5" daemon [_thread_blocked, id=17612, stack(0x0000002292300000,0x0000002292400000)]
  0x00000219ff7bde80 JavaThread "http-nio-8080-exec-6" daemon [_thread_blocked, id=16464, stack(0x0000002292400000,0x0000002292500000)]
  0x00000219ff7b6b00 JavaThread "http-nio-8080-exec-7" daemon [_thread_blocked, id=5284, stack(0x0000002292500000,0x0000002292600000)]
  0x00000219ff7b9b20 JavaThread "http-nio-8080-exec-8" daemon [_thread_blocked, id=12724, stack(0x0000002292600000,0x0000002292700000)]
  0x00000219ff7b6fd0 JavaThread "http-nio-8080-exec-9" daemon [_thread_blocked, id=12756, stack(0x0000002292700000,0x0000002292800000)]
  0x00000219ff7ba4c0 JavaThread "http-nio-8080-exec-10" daemon [_thread_blocked, id=17464, stack(0x0000002292800000,0x0000002292900000)]
  0x00000219ff7ba990 JavaThread "http-nio-8080-Poller" daemon [_thread_in_native, id=12684, stack(0x0000002292900000,0x0000002292a00000)]
  0x00000219ff7bb800 JavaThread "http-nio-8080-Acceptor" daemon [_thread_in_native, id=13164, stack(0x0000002292a00000,0x0000002292b00000)]

Other Threads:
=>0x00000219f83744b0 VMThread "VM Thread" [stack: 0x000000228fe00000,0x000000228ff00000] [id=9592]
  0x00000219dc569f20 WatcherThread [stack: 0x0000002290e00000,0x0000002290f00000] [id=18816]
  0x00000219dc5361d0 GCTaskThread "GC Thread#0" [stack: 0x000000228f900000,0x000000228fa00000] [id=16536]
  0x00000219faa441c0 GCTaskThread "GC Thread#1" [stack: 0x0000002291000000,0x0000002291100000] [id=18240]
  0x00000219f9b9ec70 GCTaskThread "GC Thread#2" [stack: 0x0000002291100000,0x0000002291200000] [id=11464]
  0x00000219fac5a550 GCTaskThread "GC Thread#3" [stack: 0x0000002291200000,0x0000002291300000] [id=5060]
  0x00000219fb18d9d0 GCTaskThread "GC Thread#4" [stack: 0x0000002291300000,0x0000002291400000] [id=13496]
  0x00000219fa956210 GCTaskThread "GC Thread#5" [stack: 0x0000002291400000,0x0000002291500000] [id=2832]
  0x00000219fa9564c0 GCTaskThread "GC Thread#6" [stack: 0x0000002291500000,0x0000002291600000] [id=18284]
  0x00000219fad0c8a0 GCTaskThread "GC Thread#7" [stack: 0x0000002291600000,0x0000002291700000] [id=3488]
  0x00000219dc546c90 ConcurrentGCThread "G1 Main Marker" [stack: 0x000000228fa00000,0x000000228fb00000] [id=11484]
  0x00000219dc547e40 ConcurrentGCThread "G1 Conc#0" [stack: 0x000000228fb00000,0x000000228fc00000] [id=12224]
  0x00000219f9ab05b0 ConcurrentGCThread "G1 Conc#1" [stack: 0x0000002291a00000,0x0000002291b00000] [id=8616]
  0x00000219dc5ad980 ConcurrentGCThread "G1 Refine#0" [stack: 0x000000228fc00000,0x000000228fd00000] [id=8656]
  0x00000219dc5ae3a0 ConcurrentGCThread "G1 Service" [stack: 0x000000228fd00000,0x000000228fe00000] [id=19568]

Threads with active compile tasks:

VM state: at safepoint (normal execution)

VM Mutex/Monitor currently owned by a thread:  ([mutex/lock_event])
[0x00000219dc4cc200] Threads_lock - owner thread: 0x00000219f83744b0

Heap address: 0x0000000082400000, size: 2012 MB, Compressed Oops mode: 32-bit

CDS archive(s) not mapped
Compressed class space mapped at: 0x0000000100000000-0x0000000140000000, reserved size: 1073741824
Narrow klass base: 0x0000000000000000, Narrow klass shift: 3, Narrow klass range: 0x140000000

GC Precious Log:
 CPUs: 8 total, 8 available
 Memory: 8040M
 Large Page Support: Disabled
 NUMA Support: Disabled
 Compressed Oops: Enabled (32-bit)
 Heap Region Size: 1M
 Heap Min Capacity: 8M
 Heap Initial Capacity: 126M
 Heap Max Capacity: 2012M
 Pre-touch: Disabled
 Parallel Workers: 8
 Concurrent Workers: 2
 Concurrent Refinement Workers: 8
 Periodic GC: Disabled

Heap:
 garbage-first heap   total 66560K, used 33169K [0x0000000082400000, 0x0000000100000000)
  region size 1024K, 11 young (11264K), 3 survivors (3072K)
 Metaspace       used 70978K, committed 71488K, reserved 1114112K
  class space    used 8735K, committed 8960K, reserved 1048576K

Heap Regions: E=young(eden), S=young(survivor), O=old, HS=humongous(starts), HC=humongous(continues), CS=collection set, F=free, OA=open archive, CA=closed archive, TAMS=top-at-mark-start (previous, next)
|   0|0x0000000082400000, 0x0000000082500000, 0x0000000082500000|100%|HS|  |TAMS 0x0000000082500000, 0x0000000082400000| Untracked 
|   1|0x0000000082500000, 0x0000000082600000, 0x0000000082600000|100%| O|  |TAMS 0x0000000082600000, 0x0000000082500000| Untracked 
|   2|0x0000000082600000, 0x0000000082700000, 0x0000000082700000|100%| O|  |TAMS 0x0000000082700000, 0x0000000082600000| Untracked 
|   3|0x0000000082700000, 0x00000000827ffff0, 0x0000000082800000| 99%| O|  |TAMS 0x00000000827ffff0, 0x0000000082700000| Untracked 
|   4|0x0000000082800000, 0x0000000082900000, 0x0000000082900000|100%| O|  |TAMS 0x0000000082900000, 0x0000000082800000| Untracked 
|   5|0x0000000082900000, 0x00000000829ffff8, 0x0000000082a00000| 99%| O|  |TAMS 0x00000000829ffff8, 0x0000000082900000| Untracked 
|   6|0x0000000082a00000, 0x0000000082affff0, 0x0000000082b00000| 99%| O|  |TAMS 0x0000000082affff0, 0x0000000082a00000| Untracked 
|   7|0x0000000082b00000, 0x0000000082bfffe8, 0x0000000082c00000| 99%| O|  |TAMS 0x0000000082bfffe8, 0x0000000082b00000| Untracked 
|   8|0x0000000082c00000, 0x0000000082cfffc8, 0x0000000082d00000| 99%| O|  |TAMS 0x0000000082cfffc8, 0x0000000082c00000| Untracked 
|   9|0x0000000082d00000, 0x0000000082dfffd8, 0x0000000082e00000| 99%| O|  |TAMS 0x0000000082dfffd8, 0x0000000082d00000| Untracked 
|  10|0x0000000082e00000, 0x0000000082effff8, 0x0000000082f00000| 99%| O|  |TAMS 0x0000000082effff8, 0x0000000082e00000| Untracked 
|  11|0x0000000082f00000, 0x0000000082ffffb8, 0x0000000083000000| 99%| O|  |TAMS 0x0000000082ffffb8, 0x0000000082f00000| Untracked 
|  12|0x0000000083000000, 0x00000000830fffe8, 0x0000000083100000| 99%| O|  |TAMS 0x00000000830fffe8, 0x0000000083000000| Untracked 
|  13|0x0000000083100000, 0x00000000831ffff0, 0x0000000083200000| 99%| O|  |TAMS 0x00000000831ffff0, 0x0000000083100000| Untracked 
|  14|0x0000000083200000, 0x00000000832ffff0, 0x0000000083300000| 99%| O|  |TAMS 0x00000000832ffff0, 0x0000000083200000| Untracked 
|  15|0x0000000083300000, 0x00000000833ffff0, 0x0000000083400000| 99%| O|  |TAMS 0x00000000833ffff0, 0x0000000083300000| Untracked 
|  16|0x0000000083400000, 0x00000000834fbbb0, 0x0000000083500000| 98%| O|  |TAMS 0x0000000083400000, 0x0000000083400000| Untracked 
|  17|0x0000000083500000, 0x00000000835fffe8, 0x0000000083600000| 99%| O|  |TAMS 0x0000000083500000, 0x0000000083500000| Untracked 
|  18|0x0000000083600000, 0x00000000836fffe8, 0x0000000083700000| 99%| O|  |TAMS 0x0000000083600000, 0x0000000083600000| Untracked 
|  19|0x0000000083700000, 0x0000000083800000, 0x0000000083800000|100%| O|  |TAMS 0x0000000083700000, 0x0000000083700000| Untracked 
|  20|0x0000000083800000, 0x00000000838b09f0, 0x0000000083900000| 68%| O|  |TAMS 0x0000000083800000, 0x0000000083800000| Untracked 
|  21|0x0000000083900000, 0x0000000083a00000, 0x0000000083a00000|100%| O|  |TAMS 0x0000000083900000, 0x0000000083900000| Untracked 
|  22|0x0000000083a00000, 0x0000000083a5ca38, 0x0000000083b00000| 36%| O|  |TAMS 0x0000000083a00000, 0x0000000083a00000| Untracked 
|  23|0x0000000083b00000, 0x0000000083bfb800, 0x0000000083c00000| 98%| O|  |TAMS 0x0000000083b00000, 0x0000000083b00000| Untracked 
|  24|0x0000000083c00000, 0x0000000083c00000, 0x0000000083d00000|  0%| F|  |TAMS 0x0000000083c00000, 0x0000000083c00000| Untracked 
|  25|0x0000000083d00000, 0x0000000083d24e38, 0x0000000083e00000| 14%| O|  |TAMS 0x0000000083d00000, 0x0000000083d00000| Untracked 
|  26|0x0000000083e00000, 0x0000000083e00000, 0x0000000083f00000|  0%| F|  |TAMS 0x0000000083e00000, 0x0000000083e00000| Untracked 
|  27|0x0000000083f00000, 0x0000000083f00000, 0x0000000084000000|  0%| F|  |TAMS 0x0000000083f00000, 0x0000000083f00000| Untracked 
|  28|0x0000000084000000, 0x0000000084000000, 0x0000000084100000|  0%| F|  |TAMS 0x0000000084000000, 0x0000000084000000| Untracked 
|  29|0x0000000084100000, 0x0000000084100000, 0x0000000084200000|  0%| F|  |TAMS 0x0000000084100000, 0x0000000084100000| Untracked 
|  30|0x0000000084200000, 0x0000000084200000, 0x0000000084300000|  0%| F|  |TAMS 0x0000000084200000, 0x0000000084200000| Untracked 
|  31|0x0000000084300000, 0x0000000084300000, 0x0000000084400000|  0%| F|  |TAMS 0x0000000084300000, 0x0000000084300000| Untracked 
|  32|0x0000000084400000, 0x0000000084400000, 0x0000000084500000|  0%| F|  |TAMS 0x0000000084400000, 0x0000000084400000| Untracked 
|  33|0x0000000084500000, 0x0000000084518aa0, 0x0000000084600000|  9%| S|CS|TAMS 0x0000000084500000, 0x0000000084500000| Complete 
|  34|0x0000000084600000, 0x0000000084600000, 0x0000000084700000|  0%| F|  |TAMS 0x0000000084600000, 0x0000000084600000| Untracked 
|  35|0x0000000084700000, 0x0000000084700000, 0x0000000084800000|  0%| F|  |TAMS 0x0000000084700000, 0x0000000084700000| Untracked 
|  36|0x0000000084800000, 0x0000000084800000, 0x0000000084900000|  0%| F|  |TAMS 0x0000000084800000, 0x0000000084800000| Untracked 
|  37|0x0000000084900000, 0x0000000084a00000, 0x0000000084a00000|100%| S|CS|TAMS 0x0000000084900000, 0x0000000084900000| Complete 
|  38|0x0000000084a00000, 0x0000000084b00000, 0x0000000084b00000|100%| S|CS|TAMS 0x0000000084a00000, 0x0000000084a00000| Complete 
|  39|0x0000000084b00000, 0x0000000084b22858, 0x0000000084c00000| 13%| O|  |TAMS 0x0000000084b00000, 0x0000000084b00000| Untracked 
|  40|0x0000000084c00000, 0x0000000084c00000, 0x0000000084d00000|  0%| F|  |TAMS 0x0000000084c00000, 0x0000000084c00000| Untracked 
|  41|0x0000000084d00000, 0x0000000084d00000, 0x0000000084e00000|  0%| F|  |TAMS 0x0000000084d00000, 0x0000000084d00000| Untracked 
|  42|0x0000000084e00000, 0x0000000084e00000, 0x0000000084f00000|  0%| F|  |TAMS 0x0000000084e00000, 0x0000000084e00000| Untracked 
|  43|0x0000000084f00000, 0x0000000084f00000, 0x0000000085000000|  0%| F|  |TAMS 0x0000000084f00000, 0x0000000084f00000| Untracked 
|  44|0x0000000085000000, 0x0000000085000000, 0x0000000085100000|  0%| F|  |TAMS 0x0000000085000000, 0x0000000085000000| Untracked 
|  45|0x0000000085100000, 0x0000000085100000, 0x0000000085200000|  0%| F|  |TAMS 0x0000000085100000, 0x0000000085100000| Untracked 
|  46|0x0000000085200000, 0x0000000085200000, 0x0000000085300000|  0%| F|  |TAMS 0x0000000085200000, 0x0000000085200000| Untracked 
|  47|0x0000000085300000, 0x0000000085300000, 0x0000000085400000|  0%| F|  |TAMS 0x0000000085300000, 0x0000000085300000| Untracked 
|  48|0x0000000085400000, 0x0000000085400000, 0x0000000085500000|  0%| F|  |TAMS 0x0000000085400000, 0x0000000085400000| Untracked 
|  49|0x0000000085500000, 0x0000000085500000, 0x0000000085600000|  0%| F|  |TAMS 0x0000000085500000, 0x0000000085500000| Untracked 
|  50|0x0000000085600000, 0x0000000085600000, 0x0000000085700000|  0%| F|  |TAMS 0x0000000085600000, 0x0000000085600000| Untracked 
|  51|0x0000000085700000, 0x0000000085700000, 0x0000000085800000|  0%| F|  |TAMS 0x0000000085700000, 0x0000000085700000| Untracked 
|  52|0x0000000085800000, 0x0000000085800000, 0x0000000085900000|  0%| F|  |TAMS 0x0000000085800000, 0x0000000085800000| Untracked 
|  53|0x0000000085900000, 0x0000000085900000, 0x0000000085a00000|  0%| F|  |TAMS 0x0000000085900000, 0x0000000085900000| Untracked 
|  54|0x0000000085a00000, 0x0000000085a00000, 0x0000000085b00000|  0%| F|  |TAMS 0x0000000085a00000, 0x0000000085a00000| Untracked 
|  55|0x0000000085b00000, 0x0000000085b00000, 0x0000000085c00000|  0%| F|  |TAMS 0x0000000085b00000, 0x0000000085b00000| Untracked 
|  56|0x0000000085c00000, 0x0000000085c00000, 0x0000000085d00000|  0%| F|  |TAMS 0x0000000085c00000, 0x0000000085c00000| Untracked 
|  57|0x0000000085d00000, 0x0000000085d00b08, 0x0000000085e00000|  0%| E|  |TAMS 0x0000000085d00000, 0x0000000085d00000| Complete 
|  58|0x0000000085e00000, 0x0000000085f00000, 0x0000000085f00000|100%| E|CS|TAMS 0x0000000085e00000, 0x0000000085e00000| Complete 
|  59|0x0000000085f00000, 0x0000000086000000, 0x0000000086000000|100%| E|CS|TAMS 0x0000000085f00000, 0x0000000085f00000| Complete 
|  60|0x0000000086000000, 0x0000000086100000, 0x0000000086100000|100%| E|CS|TAMS 0x0000000086000000, 0x0000000086000000| Complete 
|  84|0x0000000087800000, 0x0000000087900000, 0x0000000087900000|100%| E|CS|TAMS 0x0000000087800000, 0x0000000087800000| Complete 
|  85|0x0000000087900000, 0x0000000087a00000, 0x0000000087a00000|100%| E|CS|TAMS 0x0000000087900000, 0x0000000087900000| Complete 
| 124|0x000000008a000000, 0x000000008a100000, 0x000000008a100000|100%| E|CS|TAMS 0x000000008a000000, 0x000000008a000000| Complete 
| 125|0x000000008a100000, 0x000000008a200000, 0x000000008a200000|100%| E|CS|TAMS 0x000000008a100000, 0x000000008a100000| Complete 

Card table byte_map: [0x00000219f11e0000,0x00000219f15d0000] _byte_map_base: 0x00000219f0dce000

Marking Bits (Prev, Next): (CMBitMap*) 0x00000219dc536820, (CMBitMap*) 0x00000219dc5367e0
 Prev Bits: [0x00000219f3930000, 0x00000219f58a0000)
 Next Bits: [0x00000219f19c0000, 0x00000219f3930000)

Polling page: 0x00000219dc5b0000

Metaspace:

Usage:
  Non-class:     60.78 MB used.
      Class:      8.53 MB used.
       Both:     69.32 MB used.

Virtual space:
  Non-class space:       64.00 MB reserved,      61.06 MB ( 95%) committed,  8 nodes.
      Class space:        1.00 GB reserved,       8.75 MB ( <1%) committed,  1 nodes.
             Both:        1.06 GB reserved,      69.81 MB (  6%) committed. 

Chunk freelists:
   Non-Class:  2.94 MB
       Class:  3.07 MB
        Both:  6.01 MB

MaxMetaspaceSize: unlimited
CompressedClassSpaceSize: 1.00 GB
Initial GC threshold: 21.00 MB
Current GC threshold: 115.88 MB
CDS: off
MetaspaceReclaimPolicy: balanced
 - commit_granule_bytes: 65536.
 - commit_granule_words: 8192.
 - virtual_space_node_default_size: 1048576.
 - enlarge_chunks_in_place: 1.
 - new_chunks_are_fully_committed: 0.
 - uncommit_free_chunks: 1.
 - use_allocation_guard: 0.
 - handle_deallocations: 1.


Internal statistics:

num_allocs_failed_limit: 12.
num_arena_births: 574.
num_arena_deaths: 8.
num_vsnodes_births: 9.
num_vsnodes_deaths: 0.
num_space_committed: 1117.
num_space_uncommitted: 0.
num_chunks_returned_to_freelist: 21.
num_chunks_taken_from_freelist: 2907.
num_chunk_merges: 12.
num_chunk_splits: 2001.
num_chunks_enlarged: 1510.
num_purges: 10.
num_inconsistent_stats: 0.

CodeHeap 'non-profiled nmethods': size=120000Kb used=6501Kb max_used=6501Kb free=113498Kb
 bounds [0x00000219e8e50000, 0x00000219e94b0000, 0x00000219f0380000]
CodeHeap 'profiled nmethods': size=120000Kb used=13743Kb max_used=14736Kb free=106256Kb
 bounds [0x00000219e1920000, 0x00000219e2790000, 0x00000219e8e50000]
CodeHeap 'non-nmethods': size=5760Kb used=1369Kb max_used=1474Kb free=4390Kb
 bounds [0x00000219e1380000, 0x00000219e15f0000, 0x00000219e1920000]
 total_blobs=7395 nmethods=6767 adapters=540
 compilation: enabled
              stopped_count=0, restarted_count=0
 full_count=0

Compilation events (20 events):
Event: 832.762 Thread 0x00000219f8c2bbd0 8324       4       org.springframework.core.annotation.AnnotatedElementUtils::findMergedAnnotation (59 bytes)
Event: 832.765 Thread 0x00000219f8c2e4e0 8327       1       org.springframework.core.annotation.AnnotationTypeMapping$MirrorSets$MirrorSet::access$300 (5 bytes)
Event: 832.765 Thread 0x00000219f8c2e4e0 nmethod 8327 0x00000219e948c990 code [0x00000219e948cb20, 0x00000219e948cbd8]
Event: 832.765 Thread 0x00000219f8c2e4e0 8329       2       java.util.LinkedHashMap::valuesToArray (38 bytes)
Event: 832.765 Thread 0x00000219f8c2e4e0 nmethod 8329 0x00000219e1f5d290 code [0x00000219e1f5d440, 0x00000219e1f5d6b8]
Event: 832.783 Thread 0x00000219f8c2e4e0 8331       3       sun.util.calendar.BaseCalendar$Date::hit (14 bytes)
Event: 832.783 Thread 0x00000219f8c2e4e0 nmethod 8331 0x00000219e1d6ff90 code [0x00000219e1d70120, 0x00000219e1d70298]
Event: 832.784 Thread 0x00000219f8c2e4e0 8332       3       org.springframework.aop.support.AopUtils::isCglibProxy (28 bytes)
Event: 832.785 Thread 0x00000219f8c2e4e0 nmethod 8332 0x00000219e1f5c990 code [0x00000219e1f5cb80, 0x00000219e1f5d098]
Event: 832.812 Thread 0x00000219f8c2bbd0 nmethod 8324 0x00000219e948cc90 code [0x00000219e948cf20, 0x00000219e948e170]
Event: 832.812 Thread 0x00000219f8c2bbd0 8325       4       org.springframework.core.MethodIntrospector$$Lambda$1033/0x00000001007c3998::doWith (17 bytes)
Event: 832.835 Thread 0x00000219f8c2bbd0 nmethod 8325 0x00000219e948f090 code [0x00000219e948f280, 0x00000219e948fca0]
Event: 832.835 Thread 0x00000219f8c2bbd0 8326       4       org.springframework.core.MethodIntrospector::lambda$selectMethods$0 (59 bytes)
Event: 832.855 Thread 0x00000219f8c2bbd0 nmethod 8326 0x00000219e9490510 code [0x00000219e9490700, 0x00000219e9491140]
Event: 832.855 Thread 0x00000219f8c2bbd0 8328       4       org.springframework.context.event.EventListenerMethodProcessor$$Lambda$1117/0x00000001007fb0c8::inspect (5 bytes)
Event: 832.857 Thread 0x00000219f8c2bbd0 nmethod 8328 0x00000219e9491990 code [0x00000219e9491b20, 0x00000219e9491c48]
Event: 832.857 Thread 0x00000219f8c2bbd0 8330       4       org.springframework.beans.factory.support.DefaultSingletonBeanRegistry::getSingleton (7 bytes)
Event: 832.857 Thread 0x00000219f8c2bbd0 nmethod 8330 0x00000219e9491d10 code [0x00000219e9491ea0, 0x00000219e9491f48]
Event: 833.034 Thread 0x00000219fc241810 nmethod 8271 0x00000219e9492010 code [0x00000219e94924a0, 0x00000219e949c368]
Event: 833.127 Thread 0x00000219fc23ef90 nmethod 8312 0x00000219e94a0290 code [0x00000219e94a0840, 0x00000219e94a69c0]

GC Heap History (20 events):
Event: 477.900 GC heap before
{Heap before GC invocations=37 (full 2):
 garbage-first heap   total 66560K, used 49285K [0x0000000082400000, 0x0000000100000000)
  region size 1024K, 29 young (29696K), 3 survivors (3072K)
 Metaspace       used 69526K, committed 69952K, reserved 1114112K
  class space    used 8655K, committed 8832K, reserved 1048576K
}
Event: 477.902 GC heap after
{Heap after GC invocations=38 (full 2):
 garbage-first heap   total 66560K, used 25650K [0x0000000082400000, 0x0000000100000000)
  region size 1024K, 3 young (3072K), 3 survivors (3072K)
 Metaspace       used 69526K, committed 69952K, reserved 1114112K
  class space    used 8655K, committed 8832K, reserved 1048576K
}
Event: 480.619 GC heap before
{Heap before GC invocations=38 (full 2):
 garbage-first heap   total 66560K, used 30770K [0x0000000082400000, 0x0000000100000000)
  region size 1024K, 9 young (9216K), 3 survivors (3072K)
 Metaspace       used 69554K, committed 70016K, reserved 1114112K
  class space    used 8657K, committed 8832K, reserved 1048576K
}
Event: 480.651 GC heap after
{Heap after GC invocations=39 (full 3):
 garbage-first heap   total 66560K, used 21167K [0x0000000082400000, 0x0000000100000000)
  region size 1024K, 0 young (0K), 0 survivors (0K)
 Metaspace       used 69551K, committed 70016K, reserved 1114112K
  class space    used 8656K, committed 8832K, reserved 1048576K
}
Event: 481.068 GC heap before
{Heap before GC invocations=39 (full 3):
 garbage-first heap   total 66560K, used 49839K [0x0000000082400000, 0x0000000100000000)
  region size 1024K, 28 young (28672K), 0 survivors (0K)
 Metaspace       used 69707K, committed 70208K, reserved 1114112K
  class space    used 8668K, committed 8896K, reserved 1048576K
}
Event: 481.071 GC heap after
{Heap after GC invocations=40 (full 3):
 garbage-first heap   total 66560K, used 23446K [0x0000000082400000, 0x0000000100000000)
  region size 1024K, 3 young (3072K), 3 survivors (3072K)
 Metaspace       used 69707K, committed 70208K, reserved 1114112K
  class space    used 8668K, committed 8896K, reserved 1048576K
}
Event: 481.297 GC heap before
{Heap before GC invocations=40 (full 3):
 garbage-first heap   total 66560K, used 49046K [0x0000000082400000, 0x0000000100000000)
  region size 1024K, 29 young (29696K), 3 survivors (3072K)
 Metaspace       used 70043K, committed 70528K, reserved 1114112K
  class space    used 8684K, committed 8896K, reserved 1048576K
}
Event: 481.300 GC heap after
{Heap after GC invocations=41 (full 3):
 garbage-first heap   total 66560K, used 25551K [0x0000000082400000, 0x0000000100000000)
  region size 1024K, 3 young (3072K), 3 survivors (3072K)
 Metaspace       used 70043K, committed 70528K, reserved 1114112K
  class space    used 8684K, committed 8896K, reserved 1048576K
}
Event: 488.104 GC heap before
{Heap before GC invocations=41 (full 3):
 garbage-first heap   total 66560K, used 31695K [0x0000000082400000, 0x0000000100000000)
  region size 1024K, 10 young (10240K), 3 survivors (3072K)
 Metaspace       used 70071K, committed 70528K, reserved 1114112K
  class space    used 8686K, committed 8896K, reserved 1048576K
}
Event: 488.136 GC heap after
{Heap after GC invocations=42 (full 4):
 garbage-first heap   total 66560K, used 21358K [0x0000000082400000, 0x0000000100000000)
  region size 1024K, 0 young (0K), 0 survivors (0K)
 Metaspace       used 70068K, committed 70528K, reserved 1114112K
  class space    used 8685K, committed 8896K, reserved 1048576K
}
Event: 488.591 GC heap before
{Heap before GC invocations=42 (full 4):
 garbage-first heap   total 66560K, used 47982K [0x0000000082400000, 0x0000000100000000)
  region size 1024K, 27 young (27648K), 0 survivors (0K)
 Metaspace       used 70166K, committed 70592K, reserved 1114112K
  class space    used 8690K, committed 8896K, reserved 1048576K
}
Event: 488.594 GC heap after
{Heap after GC invocations=43 (full 4):
 garbage-first heap   total 66560K, used 23694K [0x0000000082400000, 0x0000000100000000)
  region size 1024K, 3 young (3072K), 3 survivors (3072K)
 Metaspace       used 70166K, committed 70592K, reserved 1114112K
  class space    used 8690K, committed 8896K, reserved 1048576K
}
Event: 488.821 GC heap before
{Heap before GC invocations=43 (full 4):
 garbage-first heap   total 66560K, used 49294K [0x0000000082400000, 0x0000000100000000)
  region size 1024K, 28 young (28672K), 3 survivors (3072K)
 Metaspace       used 70480K, committed 71040K, reserved 1114112K
  class space    used 8706K, committed 8960K, reserved 1048576K
}
Event: 488.824 GC heap after
{Heap after GC invocations=44 (full 4):
 garbage-first heap   total 66560K, used 25581K [0x0000000082400000, 0x0000000100000000)
  region size 1024K, 3 young (3072K), 3 survivors (3072K)
 Metaspace       used 70480K, committed 71040K, reserved 1114112K
  class space    used 8706K, committed 8960K, reserved 1048576K
}
Event: 831.884 GC heap before
{Heap before GC invocations=44 (full 4):
 garbage-first heap   total 66560K, used 40941K [0x0000000082400000, 0x0000000100000000)
  region size 1024K, 19 young (19456K), 3 survivors (3072K)
 Metaspace       used 70593K, committed 71168K, reserved 1114112K
  class space    used 8710K, committed 8960K, reserved 1048576K
}
Event: 831.915 GC heap after
{Heap after GC invocations=45 (full 5):
 garbage-first heap   total 66560K, used 21825K [0x0000000082400000, 0x0000000100000000)
  region size 1024K, 0 young (0K), 0 survivors (0K)
 Metaspace       used 70590K, committed 71168K, reserved 1114112K
  class space    used 8710K, committed 8960K, reserved 1048576K
}
Event: 832.404 GC heap before
{Heap before GC invocations=45 (full 5):
 garbage-first heap   total 66560K, used 48449K [0x0000000082400000, 0x0000000100000000)
  region size 1024K, 27 young (27648K), 0 survivors (0K)
 Metaspace       used 70714K, committed 71232K, reserved 1114112K
  class space    used 8721K, committed 8960K, reserved 1048576K
}
Event: 832.406 GC heap after
{Heap after GC invocations=46 (full 5):
 garbage-first heap   total 66560K, used 24088K [0x0000000082400000, 0x0000000100000000)
  region size 1024K, 3 young (3072K), 3 survivors (3072K)
 Metaspace       used 70714K, committed 71232K, reserved 1114112K
  class space    used 8721K, committed 8960K, reserved 1048576K
}
Event: 832.708 GC heap before
{Heap before GC invocations=46 (full 5):
 garbage-first heap   total 66560K, used 49688K [0x0000000082400000, 0x0000000100000000)
  region size 1024K, 28 young (28672K), 3 survivors (3072K)
 Metaspace       used 70953K, committed 71488K, reserved 1114112K
  class space    used 8734K, committed 8960K, reserved 1048576K
}
Event: 832.711 GC heap after
{Heap after GC invocations=47 (full 5):
 garbage-first heap   total 66560K, used 26001K [0x0000000082400000, 0x0000000100000000)
  region size 1024K, 3 young (3072K), 3 survivors (3072K)
 Metaspace       used 70953K, committed 71488K, reserved 1114112K
  class space    used 8734K, committed 8960K, reserved 1048576K
}

Deoptimization events (20 events):
Event: 832.761 Thread 0x00000219ff7bb330 DEOPT PACKING pc=0x00000219e93f7eb0 sp=0x000000228f7fdcc0
Event: 832.761 Thread 0x00000219ff7bb330 DEOPT UNPACKING pc=0x00000219e13d23a3 sp=0x000000228f7fdd00 mode 2
Event: 832.761 Thread 0x00000219ff7bb330 Uncommon trap: trap_request=0xffffff97 fr.pc=0x00000219e92ad168 relative=0x0000000000002c68
Event: 832.761 Thread 0x00000219ff7bb330 Uncommon trap: reason=unhandled action=none pc=0x00000219e92ad168 method=java.lang.Class.getMethod(Ljava/lang/String;[Ljava/lang/Class;)Ljava/lang/reflect/Method; @ 49 c2
Event: 832.761 Thread 0x00000219ff7bb330 DEOPT PACKING pc=0x00000219e92ad168 sp=0x000000228f7fd820
Event: 832.761 Thread 0x00000219ff7bb330 DEOPT UNPACKING pc=0x00000219e13d23a3 sp=0x000000228f7fd808 mode 2
Event: 832.761 Thread 0x00000219ff7bb330 Uncommon trap: trap_request=0xffffff97 fr.pc=0x00000219e93f7eb0 relative=0x0000000000001290
Event: 832.761 Thread 0x00000219ff7bb330 Uncommon trap: reason=unhandled action=none pc=0x00000219e93f7eb0 method=java.lang.Class.getMethod(Ljava/lang/String;[Ljava/lang/Class;)Ljava/lang/reflect/Method; @ 49 c2
Event: 832.761 Thread 0x00000219ff7bb330 DEOPT PACKING pc=0x00000219e93f7eb0 sp=0x000000228f7fdcf0
Event: 832.761 Thread 0x00000219ff7bb330 DEOPT UNPACKING pc=0x00000219e13d23a3 sp=0x000000228f7fdd18 mode 2
Event: 832.761 Thread 0x00000219ff7bb330 DEOPT PACKING pc=0x00000219e2347b64 sp=0x000000228f7fddd0
Event: 832.761 Thread 0x00000219ff7bb330 DEOPT UNPACKING pc=0x00000219e13d2b43 sp=0x000000228f7fd288 mode 1
Event: 832.761 Thread 0x00000219ff7bb330 Uncommon trap: trap_request=0xffffff97 fr.pc=0x00000219e93f7eb0 relative=0x0000000000001290
Event: 832.761 Thread 0x00000219ff7bb330 Uncommon trap: reason=unhandled action=none pc=0x00000219e93f7eb0 method=java.lang.Class.getMethod(Ljava/lang/String;[Ljava/lang/Class;)Ljava/lang/reflect/Method; @ 49 c2
Event: 832.761 Thread 0x00000219ff7bb330 DEOPT PACKING pc=0x00000219e93f7eb0 sp=0x000000228f7fdcc0
Event: 832.761 Thread 0x00000219ff7bb330 DEOPT UNPACKING pc=0x00000219e13d23a3 sp=0x000000228f7fdd00 mode 2
Event: 832.761 Thread 0x00000219ff7bb330 Uncommon trap: trap_request=0xffffff97 fr.pc=0x00000219e92ad168 relative=0x0000000000002c68
Event: 832.761 Thread 0x00000219ff7bb330 Uncommon trap: reason=unhandled action=none pc=0x00000219e92ad168 method=java.lang.Class.getMethod(Ljava/lang/String;[Ljava/lang/Class;)Ljava/lang/reflect/Method; @ 49 c2
Event: 832.761 Thread 0x00000219ff7bb330 DEOPT PACKING pc=0x00000219e92ad168 sp=0x000000228f7fde80
Event: 832.761 Thread 0x00000219ff7bb330 DEOPT UNPACKING pc=0x00000219e13d23a3 sp=0x000000228f7fde68 mode 2

Classes unloaded (4 events):
Event: 477.228 Thread 0x00000219f83744b0 Unloading class 0x00000001008b4000 'org/apache/catalina/loader/JdbcLeakPrevention'
Event: 480.627 Thread 0x00000219f83744b0 Unloading class 0x00000001008c2800 'org/apache/catalina/loader/JdbcLeakPrevention'
Event: 488.114 Thread 0x00000219f83744b0 Unloading class 0x00000001008cdc00 'org/apache/catalina/loader/JdbcLeakPrevention'
Event: 831.893 Thread 0x00000219f83744b0 Unloading class 0x00000001008d9800 'org/apache/catalina/loader/JdbcLeakPrevention'

Classes redefined (12 events):
Event: 294.576 Thread 0x00000219f83744b0 redefined class name=com.payment.controllers.BankPaymentMethodController, count=1
Event: 476.079 Thread 0x00000219f83744b0 redefined class name=com.payment.util.PaymentRequestBody, count=1
Event: 476.079 Thread 0x00000219f83744b0 redefined class name=com.payment.util.PaymentRequestBody, count=1
Event: 479.375 Thread 0x00000219f83744b0 redefined class name=com.payment.util.PaymentRequestBody, count=2
Event: 479.375 Thread 0x00000219f83744b0 redefined class name=com.payment.util.PaymentRequestBody, count=2
Event: 486.070 Thread 0x00000219f83744b0 redefined class name=com.payment.util.PaymentRequestBody, count=3
Event: 486.070 Thread 0x00000219f83744b0 redefined class name=com.payment.util.PaymentRequestBody, count=3
Event: 830.128 Thread 0x00000219f83744b0 redefined class name=com.payment.controllers.BankPaymentMethodController, count=1
Event: 830.128 Thread 0x00000219f83744b0 redefined class name=com.payment.controllers.BankPaymentMethodController, count=1
Event: 830.128 Thread 0x00000219f83744b0 redefined class name=com.payment.controllers.BankPaymentMethodController, count=2
Event: 830.128 Thread 0x00000219f83744b0 redefined class name=com.payment.controllers.BankPaymentMethodController, count=1
Event: 830.128 Thread 0x00000219f83744b0 redefined class name=com.payment.controllers.BankPaymentMethodController, count=1

Internal exceptions (20 events):
Event: 831.944 Thread 0x00000219ff7bb330 Exception <a 'sun/nio/fs/WindowsException'{0x000000008a189c80}> (0x000000008a189c80) 
thrown [e:\jenkins\tmp\workspace\build\src\src\hotspot\share\prims\jni.cpp, line 516]
Event: 832.328 Thread 0x00000219ff7bb330 Exception <a 'java/lang/NoClassDefFoundError'{0x000000008502ab20}: org/flywaydb/core/Flyway> (0x000000008502ab20) 
thrown [e:\jenkins\tmp\workspace\build\src\src\hotspot\share\oops\constantPool.cpp, line 835]
Event: 832.329 Thread 0x00000219ff7bb330 Exception <a 'java/lang/NoClassDefFoundError'{0x000000008502b170}: liquibase/integration/spring/SpringLiquibase> (0x000000008502b170) 
thrown [e:\jenkins\tmp\workspace\build\src\src\hotspot\share\oops\constantPool.cpp, line 835]
Event: 832.334 Thread 0x00000219ff7bb330 Exception <a 'java/lang/NoClassDefFoundError'{0x000000008507c958}: org/jooq/DSLContext> (0x000000008507c958) 
thrown [e:\jenkins\tmp\workspace\build\src\src\hotspot\share\oops\constantPool.cpp, line 835]
Event: 832.335 Thread 0x00000219ff7bb330 Exception <a 'java/lang/NoClassDefFoundError'{0x0000000085086e20}: org/springframework/batch/core/repository/JobRepository> (0x0000000085086e20) 
thrown [e:\jenkins\tmp\workspace\build\src\src\hotspot\share\oops\constantPool.cpp, line 835]
Event: 832.336 Thread 0x00000219ff7bb330 Exception <a 'java/lang/NoClassDefFoundError'{0x0000000085087468}: org/quartz/Scheduler> (0x0000000085087468) 
thrown [e:\jenkins\tmp\workspace\build\src\src\hotspot\share\oops\constantPool.cpp, line 835]
Event: 832.336 Thread 0x00000219ff7bb330 Exception <a 'java/lang/NoClassDefFoundError'{0x0000000085087ad8}: org/springframework/session/jdbc/JdbcIndexedSessionRepository> (0x0000000085087ad8) 
thrown [e:\jenkins\tmp\workspace\build\src\src\hotspot\share\oops\constantPool.cpp, line 835]
Event: 832.377 Thread 0x00000219ff7bb330 Exception <a 'sun/nio/fs/WindowsException'{0x0000000084aba430}> (0x0000000084aba430) 
thrown [e:\jenkins\tmp\workspace\build\src\src\hotspot\share\prims\jni.cpp, line 516]
Event: 832.377 Thread 0x00000219ff7bb330 Exception <a 'sun/nio/fs/WindowsException'{0x0000000084abaa98}> (0x0000000084abaa98) 
thrown [e:\jenkins\tmp\workspace\build\src\src\hotspot\share\prims\jni.cpp, line 516]
Event: 832.377 Thread 0x00000219ff7bb330 Exception <a 'sun/nio/fs/WindowsException'{0x0000000084abb170}> (0x0000000084abb170) 
thrown [e:\jenkins\tmp\workspace\build\src\src\hotspot\share\prims\jni.cpp, line 516]
Event: 832.391 Thread 0x00000219ff7bb330 Exception <a 'java/io/FileNotFoundException'{0x0000000084af1b18}> (0x0000000084af1b18) 
thrown [e:\jenkins\tmp\workspace\build\src\src\hotspot\share\prims\jni.cpp, line 516]
Event: 832.423 Thread 0x00000219ff7bb330 Exception <a 'java/io/FileNotFoundException'{0x0000000087867a58}> (0x0000000087867a58) 
thrown [e:\jenkins\tmp\workspace\build\src\src\hotspot\share\prims\jni.cpp, line 516]
Event: 832.531 Thread 0x00000219ff7bb330 Exception <a 'java/lang/ClassNotFoundException'{0x0000000085b75190}: java/lang/ObjectCustomizer> (0x0000000085b75190) 
thrown [e:\jenkins\tmp\workspace\build\src\src\hotspot\share\classfile\systemDictionary.cpp, line 256]
Event: 832.532 Thread 0x00000219ff7bb330 Exception <a 'java/lang/ClassNotFoundException'{0x0000000085b7ec88}: com/payment/models/BankPaymentMethodCustomizer> (0x0000000085b7ec88) 
thrown [e:\jenkins\tmp\workspace\build\src\src\hotspot\share\classfile\systemDictionary.cpp, line 256]
Event: 832.533 Thread 0x00000219ff7bb330 Exception <a 'java/lang/ClassNotFoundException'{0x0000000085b86238}: com/payment/models/IPaymentMethodCustomizer> (0x0000000085b86238) 
thrown [e:\jenkins\tmp\workspace\build\src\src\hotspot\share\classfile\systemDictionary.cpp, line 256]
Event: 832.553 Thread 0x00000219ff7bb330 Exception <a 'java/lang/reflect/InvocationTargetException'{0x000000008561afa8}> (0x000000008561afa8) 
thrown [e:\jenkins\tmp\workspace\build\src\src\hotspot\share\runtime\reflection.cpp, line 1121]
Event: 832.572 Thread 0x00000219ff7bb330 Exception <a 'java/lang/ClassNotFoundException'{0x00000000856db8c0}: java/lang/ObjectCustomizer> (0x00000000856db8c0) 
thrown [e:\jenkins\tmp\workspace\build\src\src\hotspot\share\classfile\systemDictionary.cpp, line 256]
Event: 832.573 Thread 0x00000219ff7bb330 Exception <a 'java/lang/ClassNotFoundException'{0x00000000856e4110}: com/payment/models/CreditCardPaymentMethodCustomizer> (0x00000000856e4110) 
thrown [e:\jenkins\tmp\workspace\build\src\src\hotspot\share\classfile\systemDictionary.cpp, line 256]
Event: 832.575 Thread 0x00000219ff7bb330 Exception <a 'java/lang/ClassNotFoundException'{0x00000000856eaf40}: com/payment/models/IPaymentMethodCustomizer> (0x00000000856eaf40) 
thrown [e:\jenkins\tmp\workspace\build\src\src\hotspot\share\classfile\systemDictionary.cpp, line 256]
Event: 832.586 Thread 0x00000219ff7bb330 Exception <a 'java/lang/reflect/InvocationTargetException'{0x000000008513d308}> (0x000000008513d308) 
thrown [e:\jenkins\tmp\workspace\build\src\src\hotspot\share\runtime\reflection.cpp, line 1121]

VM Operations (20 events):
Event: 831.667 Executing VM operation: ThreadDump done
Event: 831.884 Executing VM operation: G1CollectFull
Event: 831.915 Executing VM operation: G1CollectFull done
Event: 831.915 Executing VM operation: Cleanup
Event: 831.916 Executing VM operation: Cleanup done
Event: 831.954 Executing VM operation: ICBufferFull
Event: 831.955 Executing VM operation: ICBufferFull done
Event: 832.404 Executing VM operation: G1CollectForAllocation
Event: 832.406 Executing VM operation: G1CollectForAllocation done
Event: 832.406 Executing VM operation: Cleanup
Event: 832.407 Executing VM operation: Cleanup done
Event: 832.494 Executing VM operation: ChangeBreakpoints
Event: 832.497 Executing VM operation: ChangeBreakpoints done
Event: 832.500 Executing VM operation: ChangeBreakpoints
Event: 832.503 Executing VM operation: ChangeBreakpoints done
Event: 832.708 Executing VM operation: G1CollectForAllocation
Event: 832.711 Executing VM operation: G1CollectForAllocation done
Event: 833.713 Executing VM operation: Cleanup
Event: 833.713 Executing VM operation: Cleanup done
Event: 857.866 Executing VM operation: RedefineClasses

Events (20 events):
Event: 832.572 loading class java/lang/ObjectCustomizer
Event: 832.572 loading class java/lang/ObjectCustomizer done
Event: 832.759 Thread 0x00000219ff7b9ff0 Thread added: 0x00000219ff7b9ff0
Event: 832.769 Thread 0x00000219ff7b87e0 Thread added: 0x00000219ff7b87e0
Event: 832.770 Thread 0x00000219ff7b9180 Thread added: 0x00000219ff7b9180
Event: 832.771 Thread 0x00000219ff7b9650 Thread added: 0x00000219ff7b9650
Event: 832.772 Thread 0x00000219ff7be350 Thread added: 0x00000219ff7be350
Event: 832.772 Thread 0x00000219ff7bd9b0 Thread added: 0x00000219ff7bd9b0
Event: 832.773 Thread 0x00000219ff7bde80 Thread added: 0x00000219ff7bde80
Event: 832.773 Thread 0x00000219ff7b6b00 Thread added: 0x00000219ff7b6b00
Event: 832.774 Thread 0x00000219ff7b9b20 Thread added: 0x00000219ff7b9b20
Event: 832.774 Thread 0x00000219ff7b6fd0 Thread added: 0x00000219ff7b6fd0
Event: 832.774 Thread 0x00000219ff7ba4c0 Thread added: 0x00000219ff7ba4c0
Event: 832.781 Thread 0x00000219ff7ba990 Thread added: 0x00000219ff7ba990
Event: 832.782 Thread 0x00000219ff7bb800 Thread added: 0x00000219ff7bb800
Event: 832.792 Thread 0x00000219ff7bb330 Thread exited: 0x00000219ff7bb330
Event: 832.792 Thread 0x00000219ff7bae60 Thread exited: 0x00000219ff7bae60
Event: 837.529 Thread 0x00000219ff7bc670 Thread exited: 0x00000219ff7bc670
Event: 838.049 Thread 0x00000219fc241810 Thread exited: 0x00000219fc241810
Event: 838.143 Thread 0x00000219fc23ef90 Thread exited: 0x00000219fc23ef90


Dynamic libraries:
0x00007ff6ca3a0000 - 0x00007ff6ca3ae000 	C:\Users\itsas\Downloads\sts-4.15.1.RELEASE\plugins\org.eclipse.justj.openjdk.hotspot.jre.full.win32.x86_64_17.0.3.v20220515-1416\jre\bin\javaw.exe
0x00007ffb2ccc0000 - 0x00007ffb2cec9000 	C:\WINDOWS\SYSTEM32\ntdll.dll
0x00007ffb2b7b0000 - 0x00007ffb2b86d000 	C:\WINDOWS\System32\KERNEL32.DLL
0x00007ffb2a7d0000 - 0x00007ffb2ab49000 	C:\WINDOWS\System32\KERNELBASE.dll
0x00007ffb2a2c0000 - 0x00007ffb2a3d1000 	C:\WINDOWS\System32\ucrtbase.dll
0x00007ffb0f1c0000 - 0x00007ffb0f1d9000 	C:\Users\itsas\Downloads\sts-4.15.1.RELEASE\plugins\org.eclipse.justj.openjdk.hotspot.jre.full.win32.x86_64_17.0.3.v20220515-1416\jre\bin\VCRUNTIME140.dll
0x00007ffb14a50000 - 0x00007ffb14a68000 	C:\Users\itsas\Downloads\sts-4.15.1.RELEASE\plugins\org.eclipse.justj.openjdk.hotspot.jre.full.win32.x86_64_17.0.3.v20220515-1416\jre\bin\jli.dll
0x00007ffb2b1a0000 - 0x00007ffb2b34c000 	C:\WINDOWS\System32\USER32.dll
0x00007ffb2a550000 - 0x00007ffb2a576000 	C:\WINDOWS\System32\win32u.dll
0x00007ffb0dc20000 - 0x00007ffb0dec5000 	C:\WINDOWS\WinSxS\amd64_microsoft.windows.common-controls_6595b64144ccf1df_6.0.22000.120_none_9d947278b86cc467\COMCTL32.dll
0x00007ffb2b780000 - 0x00007ffb2b7a9000 	C:\WINDOWS\System32\GDI32.dll
0x00007ffb2b6d0000 - 0x00007ffb2b773000 	C:\WINDOWS\System32\msvcrt.dll
0x00007ffb2a580000 - 0x00007ffb2a692000 	C:\WINDOWS\System32\gdi32full.dll
0x00007ffb2a1a0000 - 0x00007ffb2a23d000 	C:\WINDOWS\System32\msvcp_win.dll
0x00007ffb2acf0000 - 0x00007ffb2ad21000 	C:\WINDOWS\System32\IMM32.DLL
0x00007ffb17110000 - 0x00007ffb1711c000 	C:\Users\itsas\Downloads\sts-4.15.1.RELEASE\plugins\org.eclipse.justj.openjdk.hotspot.jre.full.win32.x86_64_17.0.3.v20220515-1416\jre\bin\vcruntime140_1.dll
0x00007ffaeee20000 - 0x00007ffaeeeb1000 	C:\Users\itsas\Downloads\sts-4.15.1.RELEASE\plugins\org.eclipse.justj.openjdk.hotspot.jre.full.win32.x86_64_17.0.3.v20220515-1416\jre\bin\msvcp140.dll
0x00007ffacdd50000 - 0x00007fface998000 	C:\Users\itsas\Downloads\sts-4.15.1.RELEASE\plugins\org.eclipse.justj.openjdk.hotspot.jre.full.win32.x86_64_17.0.3.v20220515-1416\jre\bin\server\jvm.dll
0x00007ffb2b620000 - 0x00007ffb2b6ce000 	C:\WINDOWS\System32\ADVAPI32.dll
0x00007ffb2c280000 - 0x00007ffb2c31e000 	C:\WINDOWS\System32\sechost.dll
0x00007ffb2b870000 - 0x00007ffb2b990000 	C:\WINDOWS\System32\RPCRT4.dll
0x00007ffb2c320000 - 0x00007ffb2c328000 	C:\WINDOWS\System32\PSAPI.DLL
0x00007ffb0fa90000 - 0x00007ffb0fa99000 	C:\WINDOWS\SYSTEM32\WSOCK32.dll
0x00007ffb23940000 - 0x00007ffb23973000 	C:\WINDOWS\SYSTEM32\WINMM.dll
0x00007ffb210f0000 - 0x00007ffb210fa000 	C:\WINDOWS\SYSTEM32\VERSION.dll
0x00007ffb2cb80000 - 0x00007ffb2cbef000 	C:\WINDOWS\System32\WS2_32.dll
0x00007ffb292a0000 - 0x00007ffb292b8000 	C:\WINDOWS\SYSTEM32\kernel.appcore.dll
0x00007ffb25ca0000 - 0x00007ffb25caa000 	C:\Users\itsas\Downloads\sts-4.15.1.RELEASE\plugins\org.eclipse.justj.openjdk.hotspot.jre.full.win32.x86_64_17.0.3.v20220515-1416\jre\bin\jimage.dll
0x00007ffb27ca0000 - 0x00007ffb27ec1000 	C:\WINDOWS\SYSTEM32\DBGHELP.DLL
0x00007ffb0d3e0000 - 0x00007ffb0d411000 	C:\WINDOWS\SYSTEM32\dbgcore.DLL
0x00007ffb2a240000 - 0x00007ffb2a2bf000 	C:\WINDOWS\System32\bcryptPrimitives.dll
0x00007ffb14d90000 - 0x00007ffb14dcb000 	C:\Users\itsas\Downloads\sts-4.15.1.RELEASE\plugins\org.eclipse.justj.openjdk.hotspot.jre.full.win32.x86_64_17.0.3.v20220515-1416\jre\bin\jdwp.dll
0x00007ffb1ab30000 - 0x00007ffb1ab3e000 	C:\Users\itsas\Downloads\sts-4.15.1.RELEASE\plugins\org.eclipse.justj.openjdk.hotspot.jre.full.win32.x86_64_17.0.3.v20220515-1416\jre\bin\instrument.dll
0x00007ffb0f160000 - 0x00007ffb0f185000 	C:\Users\itsas\Downloads\sts-4.15.1.RELEASE\plugins\org.eclipse.justj.openjdk.hotspot.jre.full.win32.x86_64_17.0.3.v20220515-1416\jre\bin\java.dll
0x00007ffb17ee0000 - 0x00007ffb17ef8000 	C:\Users\itsas\Downloads\sts-4.15.1.RELEASE\plugins\org.eclipse.justj.openjdk.hotspot.jre.full.win32.x86_64_17.0.3.v20220515-1416\jre\bin\zip.dll
0x00007ffb2b990000 - 0x00007ffb2c148000 	C:\WINDOWS\System32\SHELL32.dll
0x00007ffb282d0000 - 0x00007ffb28b38000 	C:\WINDOWS\SYSTEM32\windows.storage.dll
0x00007ffb2c410000 - 0x00007ffb2c789000 	C:\WINDOWS\System32\combase.dll
0x00007ffb28160000 - 0x00007ffb282c6000 	C:\WINDOWS\SYSTEM32\wintypes.dll
0x00007ffb2c970000 - 0x00007ffb2ca5a000 	C:\WINDOWS\System32\SHCORE.dll
0x00007ffb2b420000 - 0x00007ffb2b47d000 	C:\WINDOWS\System32\shlwapi.dll
0x00007ffb2a0d0000 - 0x00007ffb2a0f1000 	C:\WINDOWS\SYSTEM32\profapi.dll
0x00007ffb1ab20000 - 0x00007ffb1ab2c000 	C:\Users\itsas\Downloads\sts-4.15.1.RELEASE\plugins\org.eclipse.justj.openjdk.hotspot.jre.full.win32.x86_64_17.0.3.v20220515-1416\jre\bin\dt_socket.dll
0x00007ffb28dd0000 - 0x00007ffb28dfd000 	C:\WINDOWS\SYSTEM32\IPHLPAPI.DLL
0x00007ffb296d0000 - 0x00007ffb29737000 	C:\WINDOWS\system32\mswsock.dll
0x00007ffb28e50000 - 0x00007ffb28f38000 	C:\WINDOWS\SYSTEM32\DNSAPI.dll
0x00007ffb2b610000 - 0x00007ffb2b619000 	C:\WINDOWS\System32\NSI.dll
0x00007ffb20a10000 - 0x00007ffb20a1a000 	C:\Windows\System32\rasadhlp.dll
0x00007ffb21100000 - 0x00007ffb21181000 	C:\WINDOWS\System32\fwpuclnt.dll
0x00007ffb144e0000 - 0x00007ffb144f9000 	C:\Users\itsas\Downloads\sts-4.15.1.RELEASE\plugins\org.eclipse.justj.openjdk.hotspot.jre.full.win32.x86_64_17.0.3.v20220515-1416\jre\bin\net.dll
0x00007ffb23620000 - 0x00007ffb2372c000 	C:\WINDOWS\SYSTEM32\WINHTTP.dll
0x00007ffb0f270000 - 0x00007ffb0f285000 	C:\Users\itsas\Downloads\sts-4.15.1.RELEASE\plugins\org.eclipse.justj.openjdk.hotspot.jre.full.win32.x86_64_17.0.3.v20220515-1416\jre\bin\nio.dll
0x00007ffb180a0000 - 0x00007ffb180b0000 	C:\Users\itsas\Downloads\sts-4.15.1.RELEASE\plugins\org.eclipse.justj.openjdk.hotspot.jre.full.win32.x86_64_17.0.3.v20220515-1416\jre\bin\verify.dll
0x00007ffb25cb0000 - 0x00007ffb25cb9000 	C:\Users\itsas\Downloads\sts-4.15.1.RELEASE\plugins\org.eclipse.justj.openjdk.hotspot.jre.full.win32.x86_64_17.0.3.v20220515-1416\jre\bin\management.dll
0x00007ffb180c0000 - 0x00007ffb180cb000 	C:\Users\itsas\Downloads\sts-4.15.1.RELEASE\plugins\org.eclipse.justj.openjdk.hotspot.jre.full.win32.x86_64_17.0.3.v20220515-1416\jre\bin\management_ext.dll
0x00007ffb17290000 - 0x00007ffb172a7000 	C:\WINDOWS\system32\napinsp.dll
0x00007ffb17270000 - 0x00007ffb1728b000 	C:\WINDOWS\system32\pnrpnsp.dll
0x00007ffb17250000 - 0x00007ffb17262000 	C:\WINDOWS\System32\winrnr.dll
0x00007ffb21a70000 - 0x00007ffb21a85000 	C:\WINDOWS\system32\wshbth.dll
0x00007ffb17150000 - 0x00007ffb1716f000 	C:\WINDOWS\system32\nlansp_c.dll
0x00007ffb29910000 - 0x00007ffb29928000 	C:\WINDOWS\SYSTEM32\CRYPTSP.dll
0x00007ffb29200000 - 0x00007ffb29235000 	C:\WINDOWS\system32\rsaenh.dll
0x00007ffb297c0000 - 0x00007ffb297e9000 	C:\WINDOWS\SYSTEM32\USERENV.dll
0x00007ffb29a90000 - 0x00007ffb29ab7000 	C:\WINDOWS\SYSTEM32\bcrypt.dll
0x00007ffb29930000 - 0x00007ffb2993c000 	C:\WINDOWS\SYSTEM32\CRYPTBASE.dll
0x00007ffb238c0000 - 0x00007ffb238d9000 	C:\WINDOWS\SYSTEM32\dhcpcsvc6.DLL
0x00007ffb240b0000 - 0x00007ffb240ce000 	C:\WINDOWS\SYSTEM32\dhcpcsvc.DLL
0x00007ffb180b0000 - 0x00007ffb180be000 	C:\Users\itsas\Downloads\sts-4.15.1.RELEASE\plugins\org.eclipse.justj.openjdk.hotspot.jre.full.win32.x86_64_17.0.3.v20220515-1416\jre\bin\sunmscapi.dll
0x00007ffb2a3e0000 - 0x00007ffb2a542000 	C:\WINDOWS\System32\CRYPT32.dll
0x00007ffb29a60000 - 0x00007ffb29a88000 	C:\WINDOWS\SYSTEM32\ncrypt.dll
0x00007ffb29a20000 - 0x00007ffb29a57000 	C:\WINDOWS\SYSTEM32\NTASN1.dll
0x00007ffa8f1b0000 - 0x00007ffa8f1b8000 	C:\WINDOWS\system32\wshunix.dll

dbghelp: loaded successfully - version: 4.0.5 - missing functions: none
symbol engine: initialized successfully - sym options: 0x614 - pdb path: .;C:\Users\itsas\Downloads\sts-4.15.1.RELEASE\plugins\org.eclipse.justj.openjdk.hotspot.jre.full.win32.x86_64_17.0.3.v20220515-1416\jre\bin;C:\WINDOWS\SYSTEM32;C:\WINDOWS\WinSxS\amd64_microsoft.windows.common-controls_6595b64144ccf1df_6.0.22000.120_none_9d947278b86cc467;C:\Users\itsas\Downloads\sts-4.15.1.RELEASE\plugins\org.eclipse.justj.openjdk.hotspot.jre.full.win32.x86_64_17.0.3.v20220515-1416\jre\bin\server

VM Arguments:
jvm_args: -XX:+ShowCodeDetailsInExceptionMessages -agentlib:jdwp=transport=dt_socket,suspend=y,address=localhost:53726 -javaagent:C:\Users\itsas\Downloads\sts-4.15.1.RELEASE\configuration\org.eclipse.osgi\258\0\.cp\lib\javaagent-shaded.jar -Dfile.encoding=UTF-8 
java_command: com.payment.PaymentInfoApplication
java_class_path (initial): D:\STS Workspace\payment-info\target\classes;C:\Users\itsas\.m2\repository\org\springframework\boot\spring-boot-starter-web\2.7.1\spring-boot-starter-web-2.7.1.jar;C:\Users\itsas\.m2\repository\org\springframework\boot\spring-boot-starter\2.7.1\spring-boot-starter-2.7.1.jar;C:\Users\itsas\.m2\repository\org\springframework\boot\spring-boot-starter-logging\2.7.1\spring-boot-starter-logging-2.7.1.jar;C:\Users\itsas\.m2\repository\ch\qos\logback\logback-classic\1.2.11\logback-classic-1.2.11.jar;C:\Users\itsas\.m2\repository\ch\qos\logback\logback-core\1.2.11\logback-core-1.2.11.jar;C:\Users\itsas\.m2\repository\org\apache\logging\log4j\log4j-to-slf4j\2.17.2\log4j-to-slf4j-2.17.2.jar;C:\Users\itsas\.m2\repository\org\apache\logging\log4j\log4j-api\2.17.2\log4j-api-2.17.2.jar;C:\Users\itsas\.m2\repository\org\slf4j\jul-to-slf4j\1.7.36\jul-to-slf4j-1.7.36.jar;C:\Users\itsas\.m2\repository\jakarta\annotation\jakarta.annotation-api\1.3.5\jakarta.annotation-api-1.3.5.jar;C:\Users\itsas\.m2\repository\org\yaml\snakeyaml\1.30\snakeyaml-1.30.jar;C:\Users\itsas\.m2\repository\org\springframework\boot\spring-boot-starter-json\2.7.1\spring-boot-starter-json-2.7.1.jar;C:\Users\itsas\.m2\repository\com\fasterxml\jackson\core\jackson-databind\2.13.3\jackson-databind-2.13.3.jar;C:\Users\itsas\.m2\repository\com\fasterxml\jackson\core\jackson-annotations\2.13.3\jackson-annotations-2.13.3.jar;C:\Users\itsas\.m2\repository\com\fasterxml\jackson\core\jackson-core\2.13.3\jackson-core-2.13.3.jar;C:\Users\itsas\.m2\repository\com\fasterxml\jackson\datatype\jackson-datatype-jdk8\2.13.3\jackson-datatype-jdk8-2.13.3.jar;C:\Users\itsas\.m2\repository\com\fasterxml\jackson\datatype\jackson-datatype-jsr310\2.13.3\jackson-datatype-jsr310-2.13.3.jar;C:\Users\itsas\.m2\repository\com\fasterxml\jackson\module\jackson-module-parameter-names\2.13.3\jackson-module-parameter-names-2.13.3.jar;C:\Users\itsas\.m2\repository\org\springframework\boot\spring-boot-starter-tomcat\2.7.
Launcher Type: SUN_STANDARD

[Global flags]
     intx CICompilerCount                          = 4                                         {product} {ergonomic}
     uint ConcGCThreads                            = 2                                         {product} {ergonomic}
     uint G1ConcRefinementThreads                  = 8                                         {product} {ergonomic}
   size_t G1HeapRegionSize                         = 1048576                                   {product} {ergonomic}
    uintx GCDrainStackTargetSize                   = 64                                        {product} {ergonomic}
   size_t InitialHeapSize                          = 132120576                                 {product} {ergonomic}
   size_t MarkStackSize                            = 4194304                                   {product} {ergonomic}
   size_t MaxHeapSize                              = 2109734912                                {product} {ergonomic}
   size_t MaxNewSize                               = 1265631232                                {product} {ergonomic}
   size_t MinHeapDeltaBytes                        = 1048576                                   {product} {ergonomic}
   size_t MinHeapSize                              = 8388608                                   {product} {ergonomic}
    uintx NonNMethodCodeHeapSize                   = 5839372                                {pd product} {ergonomic}
    uintx NonProfiledCodeHeapSize                  = 122909434                              {pd product} {ergonomic}
    uintx ProfiledCodeHeapSize                     = 122909434                              {pd product} {ergonomic}
    uintx ReservedCodeCacheSize                    = 251658240                              {pd product} {ergonomic}
     bool SegmentedCodeCache                       = true                                      {product} {ergonomic}
     bool ShowCodeDetailsInExceptionMessages       = true                                   {manageable} {command line}
   size_t SoftMaxHeapSize                          = 2109734912                             {manageable} {ergonomic}
     bool UseCompressedClassPointers               = true                           {product lp64_product} {ergonomic}
     bool UseCompressedOops                        = true                           {product lp64_product} {ergonomic}
     bool UseG1GC                                  = true                                      {product} {ergonomic}
     bool UseLargePagesIndividualAllocation        = false                                  {pd product} {ergonomic}

Logging:
Log output configuration:
 #0: stdout all=warning uptime,level,tags
 #1: stderr all=off uptime,level,tags

Environment Variables:
PATH=C:\Users\itsas\Downloads\sts-4.15.1.RELEASE\plugins\org.eclipse.justj.openjdk.hotspot.jre.full.win32.x86_64_17.0.3.v20220515-1416\jre\bin;C:/Users/itsas/Downloads/sts-4.15.1.RELEASE//plugins/org.eclipse.justj.openjdk.hotspot.jre.full.win32.x86_64_17.0.3.v20220515-1416/jre/bin/server;C:/Users/itsas/Downloads/sts-4.15.1.RELEASE//plugins/org.eclipse.justj.openjdk.hotspot.jre.full.win32.x86_64_17.0.3.v20220515-1416/jre/bin;C:\Program Files\Common Files\Oracle\Java\javapath;C:\WINDOWS\system32;C:\WINDOWS;C:\WINDOWS\System32\Wbem;C:\WINDOWS\System32\WindowsPowerShell\v1.0\;C:\WINDOWS\System32\OpenSSH\;C:\Program Files (x86)\Intel\Intel(R) Management Engine Components\DAL;C:\Program Files\Intel\Intel(R) Management Engine Components\DAL;C:\Program Files\dotnet\;C:\Users\itsas\AppData\Local\Microsoft\WindowsApps;;%USERPROFILE%\AppData\Local\Microsoft\WindowsApps;C:\Users\itsas\Downloads\sts-4.15.1.RELEASE;
USERNAME=itsas
OS=Windows_NT
PROCESSOR_IDENTIFIER=Intel64 Family 6 Model 142 Stepping 12, GenuineIntel



---------------  S Y S T E M  ---------------

OS:
 Windows 11 , 64 bit Build 22000 (10.0.22000.708)
OS uptime: 0 days 3:01 hours

CPU: total 8 (initial active 8) (4 cores per cpu, 2 threads per core) family 6 model 142 stepping 12 microcode 0xf0, cx8, cmov, fxsr, ht, mmx, 3dnowpref, sse, sse2, sse3, ssse3, sse4.1, sse4.2, popcnt, lzcnt, tsc, tscinvbit, avx, avx2, aes, erms, clmul, bmi1, bmi2, adx, fma, vzeroupper, clflush, clflushopt

Memory: 4k page, system-wide physical 8040M (702M free)
TotalPageFile size 13032M (AvailPageFile size 1858M)
current process WorkingSet (physical memory assigned to process): 236M, peak: 287M
current process commit charge ("private bytes"): 269M, peak: 317M

vm_info: OpenJDK 64-Bit Server VM (17.0.3+7) for windows-amd64 JRE (17.0.3+7), built on Apr 19 2022 16:55:35 by "" with MS VC++ 16.7 (VS2019)

END.
